%!Adobe-FontList 1.19
%Locale:0x409

%BeginFont
Handler:DirectoryHandler
FontType:Type1
FontName:adineuePROCond-Bold
FamilyName:adineue PRO Cond
StyleName:Bold
MenuName:adineue PRO Cond
StyleBits:2
WeightClass:700
WidthClass:5
AngleClass:0
FullName:adineue PRO Cond Bold
WritingScript:Roman
OutlineFileName:\adineuePROCond-Bold.otf
DataFormat:sfntData
UsesStandardEncoding:yes
isCFF:yes
hasSVG:no
VariableFontType:NonVariableFont
FileLength:332296
FileModTime:1422987493
NameArray:0,Mac,4,adineue PRO Cond Bold
NameArray:0,Win,1,adineue PRO Cond
%EndFont

